<?xml version="1.0" encoding="UTF-8"?>
<!-- Generated by org.testng.reporters.JUnitReportReporter -->
<testsuite hostname="zaheer" failures="0" tests="1" name="testPackage.TestCaseClass" time="39.631" errors="0" timestamp="2024-06-22T18:30:05 IST" skipped="0">
  <testcase classname="testPackage.TestCaseClass" name="launchApplication" time="39.631"/>
</testsuite> <!-- testPackage.TestCaseClass -->
